TN:
SF:/home/funaki/project/vuex-systime/src/vuex-systime.js
FN:14,(anonymous_0)
FN:18,(anonymous_1)
FN:24,(anonymous_2)
FN:41,(anonymous_3)
FN:44,(anonymous_4)
FN:50,VuexSystemDatetime
FN:51,(anonymous_6)
FNF:7
FNH:5
FNDA:0,(anonymous_0)
FNDA:2,(anonymous_1)
FNDA:0,(anonymous_2)
FNDA:2,(anonymous_3)
FNDA:2,(anonymous_4)
FNDA:2,VuexSystemDatetime
FNDA:2,(anonymous_6)
DA:3,1
DA:4,1
DA:15,0
DA:16,0
DA:19,2
DA:20,2
DA:21,2
DA:23,2
DA:24,2
DA:25,0
DA:27,2
DA:29,2
DA:30,2
DA:35,0
DA:36,0
DA:37,0
DA:39,0
DA:42,2
DA:45,2
DA:51,2
DA:52,2
DA:54,2
DA:55,2
DA:56,2
DA:57,2
DA:59,2
DA:60,2
DA:62,2
DA:63,2
DA:64,1
DA:65,0
DA:67,1
DA:69,2
DA:72,2
DA:73,2
LF:35
LH:27
BRDA:35,0,0,0
BRDA:35,0,1,0
BRDA:56,1,0,2
BRDA:56,1,1,0
BRDA:63,2,0,1
BRDA:63,2,1,1
BRDA:64,3,0,0
BRDA:64,3,1,1
BRF:8
BRH:4
end_of_record
